This file contains any messages produced by compilers while
running configure, to aid debugging if configure makes a mistake.

It was created by rc-visual configure 0.1.0, which was
generated by GNU Autoconf 2.61.  Invocation command line was

  $ ./configure 

## --------- ##
## Platform. ##
## --------- ##

hostname = danomatika
uname -m = i686
uname -r = 2.6.27-7-generic
uname -s = Linux
uname -v = #1 SMP Tue Nov 4 19:33:20 UTC 2008

/usr/bin/uname -p = unknown
/bin/uname -X     = unknown

/bin/arch              = unknown
/usr/bin/arch -k       = unknown
/usr/convex/getsysinfo = unknown
/usr/bin/hostinfo      = unknown
/bin/machine           = unknown
/usr/bin/oslevel       = unknown
/bin/universe          = unknown

PATH: /usr/local/sbin
PATH: /usr/local/bin
PATH: /usr/sbin
PATH: /usr/bin
PATH: /sbin
PATH: /bin
PATH: /usr/games


## ----------- ##
## Core tests. ##
## ----------- ##

configure:1794: checking for a BSD-compatible install
configure:1850: result: /usr/bin/install -c
configure:1861: checking whether build environment is sane
configure:1904: result: yes
configure:1932: checking for a thread-safe mkdir -p
configure:1971: result: /bin/mkdir -p
configure:1984: checking for gawk
configure:2014: result: no
configure:1984: checking for mawk
configure:2000: found /usr/bin/mawk
configure:2011: result: mawk
configure:2022: checking whether make sets $(MAKE)
configure:2043: result: yes
configure:2292: checking for g++
configure:2308: found /usr/bin/g++
configure:2319: result: g++
configure:2350: checking for C++ compiler version
configure:2357: g++ --version >&5
g++ (Ubuntu 4.3.2-1ubuntu11) 4.3.2
Copyright (C) 2008 Free Software Foundation, Inc.
This is free software; see the source for copying conditions.  There is NO
warranty; not even for MERCHANTABILITY or FITNESS FOR A PARTICULAR PURPOSE.

configure:2360: $? = 0
configure:2367: g++ -v >&5
Using built-in specs.
Target: i486-linux-gnu
Configured with: ../src/configure -v --with-pkgversion='Ubuntu 4.3.2-1ubuntu11' --with-bugurl=file:///usr/share/doc/gcc-4.3/README.Bugs --enable-languages=c,c++,fortran,objc,obj-c++ --prefix=/usr --enable-shared --with-system-zlib --libexecdir=/usr/lib --without-included-gettext --enable-threads=posix --enable-nls --with-gxx-include-dir=/usr/include/c++/4.3 --program-suffix=-4.3 --enable-clocale=gnu --enable-libstdcxx-debug --enable-objc-gc --enable-mpfr --enable-targets=all --enable-checking=release --build=i486-linux-gnu --host=i486-linux-gnu --target=i486-linux-gnu
Thread model: posix
gcc version 4.3.2 (Ubuntu 4.3.2-1ubuntu11) 
configure:2370: $? = 0
configure:2377: g++ -V >&5
g++: '-V' option must have argument
configure:2380: $? = 1
configure:2403: checking for C++ compiler default output file name
configure:2430: g++    conftest.cpp  >&5
configure:2433: $? = 0
configure:2471: result: a.out
configure:2488: checking whether the C++ compiler works
configure:2498: ./a.out
configure:2501: $? = 0
configure:2518: result: yes
configure:2525: checking whether we are cross compiling
configure:2527: result: no
configure:2530: checking for suffix of executables
configure:2537: g++ -o conftest    conftest.cpp  >&5
configure:2540: $? = 0
configure:2564: result: 
configure:2570: checking for suffix of object files
configure:2596: g++ -c   conftest.cpp >&5
configure:2599: $? = 0
configure:2622: result: o
configure:2626: checking whether we are using the GNU C++ compiler
configure:2655: g++ -c   conftest.cpp >&5
configure:2661: $? = 0
configure:2678: result: yes
configure:2683: checking whether g++ accepts -g
configure:2713: g++ -c -g  conftest.cpp >&5
configure:2719: $? = 0
configure:2818: result: yes
configure:2852: checking for style of include used by make
configure:2880: result: GNU
configure:2905: checking dependency style of g++
configure:2996: result: gcc3
configure:3054: checking for ranlib
configure:3070: found /usr/bin/ranlib
configure:3081: result: ranlib
configure:3123: checking how to run the C++ preprocessor
configure:3159: g++ -E  conftest.cpp
configure:3165: $? = 0
configure:3196: g++ -E  conftest.cpp
conftest.cpp:10:28: error: ac_nonexistent.h: No such file or directory
configure:3202: $? = 1
configure: failed program was:
| /* confdefs.h.  */
| #define PACKAGE_NAME "rc-visual"
| #define PACKAGE_TARNAME "rc-visual"
| #define PACKAGE_VERSION "0.1.0"
| #define PACKAGE_STRING "rc-visual 0.1.0"
| #define PACKAGE_BUGREPORT "danomatika@gmail.com"
| #define PACKAGE "rc-visual"
| #define VERSION "0.1.0"
| /* end confdefs.h.  */
| #include <ac_nonexistent.h>
configure:3235: result: g++ -E
configure:3264: g++ -E  conftest.cpp
configure:3270: $? = 0
configure:3301: g++ -E  conftest.cpp
conftest.cpp:10:28: error: ac_nonexistent.h: No such file or directory
configure:3307: $? = 1
configure: failed program was:
| /* confdefs.h.  */
| #define PACKAGE_NAME "rc-visual"
| #define PACKAGE_TARNAME "rc-visual"
| #define PACKAGE_VERSION "0.1.0"
| #define PACKAGE_STRING "rc-visual 0.1.0"
| #define PACKAGE_BUGREPORT "danomatika@gmail.com"
| #define PACKAGE "rc-visual"
| #define VERSION "0.1.0"
| /* end confdefs.h.  */
| #include <ac_nonexistent.h>
configure:3345: checking for grep that handles long lines and -e
configure:3419: result: /bin/grep
configure:3424: checking for egrep
configure:3502: result: /bin/grep -E
configure:3507: checking for ANSI C header files
configure:3537: g++ -c -g -O2  conftest.cpp >&5
configure:3543: $? = 0
configure:3642: g++ -o conftest -g -O2   conftest.cpp  >&5
configure:3645: $? = 0
configure:3651: ./conftest
configure:3654: $? = 0
configure:3671: result: yes
configure:3695: checking for sys/types.h
configure:3716: g++ -c -g -O2  conftest.cpp >&5
configure:3722: $? = 0
configure:3738: result: yes
configure:3695: checking for sys/stat.h
configure:3716: g++ -c -g -O2  conftest.cpp >&5
configure:3722: $? = 0
configure:3738: result: yes
configure:3695: checking for stdlib.h
configure:3716: g++ -c -g -O2  conftest.cpp >&5
configure:3722: $? = 0
configure:3738: result: yes
configure:3695: checking for string.h
configure:3716: g++ -c -g -O2  conftest.cpp >&5
configure:3722: $? = 0
configure:3738: result: yes
configure:3695: checking for memory.h
configure:3716: g++ -c -g -O2  conftest.cpp >&5
configure:3722: $? = 0
configure:3738: result: yes
configure:3695: checking for strings.h
configure:3716: g++ -c -g -O2  conftest.cpp >&5
configure:3722: $? = 0
configure:3738: result: yes
configure:3695: checking for inttypes.h
configure:3716: g++ -c -g -O2  conftest.cpp >&5
configure:3722: $? = 0
configure:3738: result: yes
configure:3695: checking for stdint.h
configure:3716: g++ -c -g -O2  conftest.cpp >&5
configure:3722: $? = 0
configure:3738: result: yes
configure:3695: checking for unistd.h
configure:3716: g++ -c -g -O2  conftest.cpp >&5
configure:3722: $? = 0
configure:3738: result: yes
configure:3760: checking SDL/SDL_gfxPrimitives.h usability
configure:3777: g++ -c -g -O2  conftest.cpp >&5
configure:3783: $? = 0
configure:3797: result: yes
configure:3801: checking SDL/SDL_gfxPrimitives.h presence
configure:3816: g++ -E  conftest.cpp
configure:3822: $? = 0
configure:3836: result: yes
configure:3869: checking for SDL/SDL_gfxPrimitives.h
configure:3876: result: yes
configure:3891: checking for boxRGBA in -lSDL_gfx
configure:3926: g++ -o conftest -g -O2   conftest.cpp -lSDL_gfx   >&5
configure:3932: $? = 0
configure:3950: result: yes
configure:4012: checking for pkg-config
configure:4030: found /usr/bin/pkg-config
configure:4042: result: /usr/bin/pkg-config
configure:4071: checking pkg-config is at least version 0.9.0
configure:4074: result: yes
configure:4085: checking for GLIB2
configure:4093: $PKG_CONFIG --exists --print-errors "glib-2.0 >= 2.14"
configure:4096: $? = 0
configure:4111: $PKG_CONFIG --exists --print-errors "glib-2.0 >= 2.14"
configure:4114: $? = 0
configure:4154: result: yes
configure:4160: checking for SDL
configure:4168: $PKG_CONFIG --exists --print-errors "sdl >= 1.2"
configure:4171: $? = 0
configure:4186: $PKG_CONFIG --exists --print-errors "sdl >= 1.2"
configure:4189: $? = 0
configure:4229: result: yes
configure:4235: checking for lo_arg_pp in -llo
configure:4270: g++ -o conftest -g -O2   conftest.cpp -llo   >&5
configure:4276: $? = 0
configure:4294: result: yes
configure:4431: creating ./config.status

## ---------------------- ##
## Running config.status. ##
## ---------------------- ##

This file was extended by rc-visual config.status 0.1.0, which was
generated by GNU Autoconf 2.61.  Invocation command line was

  CONFIG_FILES    = 
  CONFIG_HEADERS  = 
  CONFIG_LINKS    = 
  CONFIG_COMMANDS = 
  $ ./config.status 

on danomatika

config.status:648: creating Makefile
config.status:648: creating src/Makefile
config.status:648: creating src/tinyxml/Makefile
config.status:648: creating src/lib/Makefile
config.status:648: creating src/rc-visual/Makefile
config.status:648: creating src/rc-visual-send/Makefile
config.status:648: creating src/config.h
config.status:874: src/config.h is unchanged
config.status:921: executing depfiles commands
configure:5662: result:
	rc-visual 0.1.0 is now configured

	Source directory:     .
	Installation prefix:  /usr/local
	C++ compiler:         g++ -g -O2



## ---------------- ##
## Cache variables. ##
## ---------------- ##

ac_cv_cxx_compiler_gnu=yes
ac_cv_env_CCC_set=
ac_cv_env_CCC_value=
ac_cv_env_CPPFLAGS_set=
ac_cv_env_CPPFLAGS_value=
ac_cv_env_CXXCPP_set=
ac_cv_env_CXXCPP_value=
ac_cv_env_CXXFLAGS_set=
ac_cv_env_CXXFLAGS_value=
ac_cv_env_CXX_set=
ac_cv_env_CXX_value=
ac_cv_env_GLIB2_CFLAGS_set=
ac_cv_env_GLIB2_CFLAGS_value=
ac_cv_env_GLIB2_LIBS_set=
ac_cv_env_GLIB2_LIBS_value=
ac_cv_env_LDFLAGS_set=
ac_cv_env_LDFLAGS_value=
ac_cv_env_LIBS_set=
ac_cv_env_LIBS_value=
ac_cv_env_PKG_CONFIG_set=
ac_cv_env_PKG_CONFIG_value=
ac_cv_env_SDL_CFLAGS_set=
ac_cv_env_SDL_CFLAGS_value=
ac_cv_env_SDL_LIBS_set=
ac_cv_env_SDL_LIBS_value=
ac_cv_env_build_alias_set=
ac_cv_env_build_alias_value=
ac_cv_env_host_alias_set=
ac_cv_env_host_alias_value=
ac_cv_env_target_alias_set=
ac_cv_env_target_alias_value=
ac_cv_header_SDL_SDL_gfxPrimitives_h=yes
ac_cv_header_inttypes_h=yes
ac_cv_header_memory_h=yes
ac_cv_header_stdc=yes
ac_cv_header_stdint_h=yes
ac_cv_header_stdlib_h=yes
ac_cv_header_string_h=yes
ac_cv_header_strings_h=yes
ac_cv_header_sys_stat_h=yes
ac_cv_header_sys_types_h=yes
ac_cv_header_unistd_h=yes
ac_cv_lib_SDL_gfx_boxRGBA=yes
ac_cv_lib_lo_lo_arg_pp=yes
ac_cv_objext=o
ac_cv_path_EGREP='/bin/grep -E'
ac_cv_path_GREP=/bin/grep
ac_cv_path_ac_pt_PKG_CONFIG=/usr/bin/pkg-config
ac_cv_path_install='/usr/bin/install -c'
ac_cv_path_mkdir=/bin/mkdir
ac_cv_prog_AWK=mawk
ac_cv_prog_CXXCPP='g++ -E'
ac_cv_prog_ac_ct_CXX=g++
ac_cv_prog_ac_ct_RANLIB=ranlib
ac_cv_prog_cxx_g=yes
ac_cv_prog_make_make_set=yes
am_cv_CXX_dependencies_compiler_type=gcc3
pkg_cv_GLIB2_CFLAGS='-I/usr/include/glib-2.0 -I/usr/lib/glib-2.0/include  '
pkg_cv_GLIB2_LIBS='-lglib-2.0  '
pkg_cv_SDL_CFLAGS='-D_GNU_SOURCE=1 -D_REENTRANT -I/usr/include/SDL  '
pkg_cv_SDL_LIBS='-lSDL  '

## ----------------- ##
## Output variables. ##
## ----------------- ##

ACLOCAL='${SHELL} /home/dano/src/rc-visual/config/missing --run aclocal-1.10'
AMDEPBACKSLASH='\'
AMDEP_FALSE='#'
AMDEP_TRUE=''
AMTAR='${SHELL} /home/dano/src/rc-visual/config/missing --run tar'
AUTOCONF='${SHELL} /home/dano/src/rc-visual/config/missing --run autoconf'
AUTOHEADER='${SHELL} /home/dano/src/rc-visual/config/missing --run autoheader'
AUTOMAKE='${SHELL} /home/dano/src/rc-visual/config/missing --run automake-1.10'
AWK='mawk'
CPPFLAGS=''
CXX='g++'
CXXCPP='g++ -E'
CXXDEPMODE='depmode=gcc3'
CXXFLAGS='-g -O2'
CYGPATH_W='echo'
DEFS='-DHAVE_CONFIG_H'
DEPDIR='.deps'
ECHO_C=''
ECHO_N='-n'
ECHO_T=''
EGREP='/bin/grep -E'
EXEEXT=''
GLIB2_CFLAGS='-I/usr/include/glib-2.0 -I/usr/lib/glib-2.0/include  '
GLIB2_LIBS='-lglib-2.0  '
GREP='/bin/grep'
INSTALL_DATA='${INSTALL} -m 644'
INSTALL_PROGRAM='${INSTALL}'
INSTALL_SCRIPT='${INSTALL}'
INSTALL_STRIP_PROGRAM='$(install_sh) -c -s'
LDFLAGS=''
LIBLO_LIBS='-llo'
LIBOBJS=''
LIBS=''
LTLIBOBJS=''
MAKEINFO='${SHELL} /home/dano/src/rc-visual/config/missing --run makeinfo'
OBJEXT='o'
PACKAGE='rc-visual'
PACKAGE_BUGREPORT='danomatika@gmail.com'
PACKAGE_NAME='rc-visual'
PACKAGE_STRING='rc-visual 0.1.0'
PACKAGE_TARNAME='rc-visual'
PACKAGE_VERSION='0.1.0'
PATH_SEPARATOR=':'
PKG_CONFIG='/usr/bin/pkg-config'
RANLIB='ranlib'
SDL_CFLAGS='-D_GNU_SOURCE=1 -D_REENTRANT -I/usr/include/SDL  '
SDL_GFX_LIBS='-lSDL_gfx'
SDL_LIBS='-lSDL  '
SET_MAKE=''
SHELL='/bin/bash'
STRIP=''
VERSION='0.1.0'
ac_ct_CXX='g++'
am__fastdepCXX_FALSE='#'
am__fastdepCXX_TRUE=''
am__include='include'
am__isrc=''
am__leading_dot='.'
am__quote=''
am__tar='${AMTAR} chof - "$$tardir"'
am__untar='${AMTAR} xf -'
bindir='${exec_prefix}/bin'
build_alias=''
datadir='${datarootdir}'
datarootdir='${prefix}/share'
docdir='${datarootdir}/doc/${PACKAGE_TARNAME}'
dvidir='${docdir}'
exec_prefix='${prefix}'
host_alias=''
htmldir='${docdir}'
includedir='${prefix}/include'
infodir='${datarootdir}/info'
install_sh='$(SHELL) /home/dano/src/rc-visual/config/install-sh'
libdir='${exec_prefix}/lib'
libexecdir='${exec_prefix}/libexec'
localedir='${datarootdir}/locale'
localstatedir='${prefix}/var'
mandir='${datarootdir}/man'
mkdir_p='/bin/mkdir -p'
oldincludedir='/usr/include'
pdfdir='${docdir}'
prefix='/usr/local'
program_transform_name='s,x,x,'
psdir='${docdir}'
sbindir='${exec_prefix}/sbin'
sharedstatedir='${prefix}/com'
sysconfdir='${prefix}/etc'
target_alias=''

## ----------- ##
## confdefs.h. ##
## ----------- ##

#define PACKAGE_NAME "rc-visual"
#define PACKAGE_TARNAME "rc-visual"
#define PACKAGE_VERSION "0.1.0"
#define PACKAGE_STRING "rc-visual 0.1.0"
#define PACKAGE_BUGREPORT "danomatika@gmail.com"
#define PACKAGE "rc-visual"
#define VERSION "0.1.0"
#define STDC_HEADERS 1
#define HAVE_SYS_TYPES_H 1
#define HAVE_SYS_STAT_H 1
#define HAVE_STDLIB_H 1
#define HAVE_STRING_H 1
#define HAVE_MEMORY_H 1
#define HAVE_STRINGS_H 1
#define HAVE_INTTYPES_H 1
#define HAVE_STDINT_H 1
#define HAVE_UNISTD_H 1

configure: exit 0

## ---------------------- ##
## Running config.status. ##
## ---------------------- ##

This file was extended by rc-visual config.status 0.1.0, which was
generated by GNU Autoconf 2.61.  Invocation command line was

  CONFIG_FILES    = 
  CONFIG_HEADERS  = 
  CONFIG_LINKS    = 
  CONFIG_COMMANDS = 
  $ ./config.status src/lib/Makefile depfiles

on danomatika

config.status:648: creating src/lib/Makefile
config.status:921: executing depfiles commands

## ---------------------- ##
## Running config.status. ##
## ---------------------- ##

This file was extended by rc-visual config.status 0.1.0, which was
generated by GNU Autoconf 2.61.  Invocation command line was

  CONFIG_FILES    = 
  CONFIG_HEADERS  = 
  CONFIG_LINKS    = 
  CONFIG_COMMANDS = 
  $ ./config.status src/rc-visual/Makefile depfiles

on danomatika

config.status:648: creating src/rc-visual/Makefile
config.status:921: executing depfiles commands

## ---------------------- ##
## Running config.status. ##
## ---------------------- ##

This file was extended by rc-visual config.status 0.1.0, which was
generated by GNU Autoconf 2.61.  Invocation command line was

  CONFIG_FILES    = 
  CONFIG_HEADERS  = 
  CONFIG_LINKS    = 
  CONFIG_COMMANDS = 
  $ ./config.status src/rc-visual/Makefile depfiles

on danomatika

config.status:648: creating src/rc-visual/Makefile
config.status:921: executing depfiles commands

## ---------------------- ##
## Running config.status. ##
## ---------------------- ##

This file was extended by rc-visual config.status 0.1.0, which was
generated by GNU Autoconf 2.61.  Invocation command line was

  CONFIG_FILES    = 
  CONFIG_HEADERS  = 
  CONFIG_LINKS    = 
  CONFIG_COMMANDS = 
  $ ./config.status src/lib/Makefile depfiles

on danomatika

config.status:648: creating src/lib/Makefile
config.status:921: executing depfiles commands

## ---------------------- ##
## Running config.status. ##
## ---------------------- ##

This file was extended by rc-visual config.status 0.1.0, which was
generated by GNU Autoconf 2.61.  Invocation command line was

  CONFIG_FILES    = 
  CONFIG_HEADERS  = 
  CONFIG_LINKS    = 
  CONFIG_COMMANDS = 
  $ ./config.status src/rc-visual/Makefile depfiles

on danomatika

config.status:648: creating src/rc-visual/Makefile
config.status:921: executing depfiles commands

## ---------------------- ##
## Running config.status. ##
## ---------------------- ##

This file was extended by rc-visual config.status 0.1.0, which was
generated by GNU Autoconf 2.61.  Invocation command line was

  CONFIG_FILES    = 
  CONFIG_HEADERS  = 
  CONFIG_LINKS    = 
  CONFIG_COMMANDS = 
  $ ./config.status src/rc-visual/Makefile depfiles

on danomatika

config.status:648: creating src/rc-visual/Makefile
config.status:921: executing depfiles commands

## ---------------------- ##
## Running config.status. ##
## ---------------------- ##

This file was extended by rc-visual config.status 0.1.0, which was
generated by GNU Autoconf 2.61.  Invocation command line was

  CONFIG_FILES    = 
  CONFIG_HEADERS  = 
  CONFIG_LINKS    = 
  CONFIG_COMMANDS = 
  $ ./config.status src/rc-visual/Makefile depfiles

on danomatika

config.status:648: creating src/rc-visual/Makefile
config.status:921: executing depfiles commands

## ---------------------- ##
## Running config.status. ##
## ---------------------- ##

This file was extended by rc-visual config.status 0.1.0, which was
generated by GNU Autoconf 2.61.  Invocation command line was

  CONFIG_FILES    = 
  CONFIG_HEADERS  = 
  CONFIG_LINKS    = 
  CONFIG_COMMANDS = 
  $ ./config.status src/rc-visual/Makefile depfiles

on danomatika

config.status:648: creating src/rc-visual/Makefile
config.status:921: executing depfiles commands

## ---------------------- ##
## Running config.status. ##
## ---------------------- ##

This file was extended by rc-visual config.status 0.1.0, which was
generated by GNU Autoconf 2.61.  Invocation command line was

  CONFIG_FILES    = 
  CONFIG_HEADERS  = 
  CONFIG_LINKS    = 
  CONFIG_COMMANDS = 
  $ ./config.status src/rc-visual/Makefile depfiles

on danomatika

config.status:648: creating src/rc-visual/Makefile
config.status:921: executing depfiles commands

## ---------------------- ##
## Running config.status. ##
## ---------------------- ##

This file was extended by rc-visual config.status 0.1.0, which was
generated by GNU Autoconf 2.61.  Invocation command line was

  CONFIG_FILES    = 
  CONFIG_HEADERS  = 
  CONFIG_LINKS    = 
  CONFIG_COMMANDS = 
  $ ./config.status src/rc-visual/Makefile depfiles

on danomatika

config.status:648: creating src/rc-visual/Makefile
config.status:921: executing depfiles commands

## ---------------------- ##
## Running config.status. ##
## ---------------------- ##

This file was extended by rc-visual config.status 0.1.0, which was
generated by GNU Autoconf 2.61.  Invocation command line was

  CONFIG_FILES    = 
  CONFIG_HEADERS  = 
  CONFIG_LINKS    = 
  CONFIG_COMMANDS = 
  $ ./config.status src/rc-visual/Makefile depfiles

on danomatika

config.status:648: creating src/rc-visual/Makefile
config.status:921: executing depfiles commands

## ---------------------- ##
## Running config.status. ##
## ---------------------- ##

This file was extended by rc-visual config.status 0.1.0, which was
generated by GNU Autoconf 2.61.  Invocation command line was

  CONFIG_FILES    = 
  CONFIG_HEADERS  = 
  CONFIG_LINKS    = 
  CONFIG_COMMANDS = 
  $ ./config.status src/rc-visual/Makefile depfiles

on danomatika

config.status:648: creating src/rc-visual/Makefile
config.status:921: executing depfiles commands

## ---------------------- ##
## Running config.status. ##
## ---------------------- ##

This file was extended by rc-visual config.status 0.1.0, which was
generated by GNU Autoconf 2.61.  Invocation command line was

  CONFIG_FILES    = 
  CONFIG_HEADERS  = 
  CONFIG_LINKS    = 
  CONFIG_COMMANDS = 
  $ ./config.status src/Makefile

on danomatika

config.status:648: creating src/Makefile

## ---------------------- ##
## Running config.status. ##
## ---------------------- ##

This file was extended by rc-visual config.status 0.1.0, which was
generated by GNU Autoconf 2.61.  Invocation command line was

  CONFIG_FILES    = 
  CONFIG_HEADERS  = 
  CONFIG_LINKS    = 
  CONFIG_COMMANDS = 
  $ ./config.status src/tinyxml/Makefile depfiles

on danomatika

config.status:648: creating src/tinyxml/Makefile
config.status:921: executing depfiles commands

## ---------------------- ##
## Running config.status. ##
## ---------------------- ##

This file was extended by rc-visual config.status 0.1.0, which was
generated by GNU Autoconf 2.61.  Invocation command line was

  CONFIG_FILES    = 
  CONFIG_HEADERS  = 
  CONFIG_LINKS    = 
  CONFIG_COMMANDS = 
  $ ./config.status src/rc-visual/Makefile depfiles

on danomatika

config.status:648: creating src/rc-visual/Makefile
config.status:921: executing depfiles commands

## ---------------------- ##
## Running config.status. ##
## ---------------------- ##

This file was extended by rc-visual config.status 0.1.0, which was
generated by GNU Autoconf 2.61.  Invocation command line was

  CONFIG_FILES    = 
  CONFIG_HEADERS  = 
  CONFIG_LINKS    = 
  CONFIG_COMMANDS = 
  $ ./config.status src/rc-visual/Makefile depfiles

on danomatika

config.status:648: creating src/rc-visual/Makefile
config.status:921: executing depfiles commands

## ---------------------- ##
## Running config.status. ##
## ---------------------- ##

This file was extended by rc-visual config.status 0.1.0, which was
generated by GNU Autoconf 2.61.  Invocation command line was

  CONFIG_FILES    = 
  CONFIG_HEADERS  = 
  CONFIG_LINKS    = 
  CONFIG_COMMANDS = 
  $ ./config.status src/lib/Makefile depfiles

on danomatika

config.status:648: creating src/lib/Makefile
config.status:921: executing depfiles commands

## ---------------------- ##
## Running config.status. ##
## ---------------------- ##

This file was extended by rc-visual config.status 0.1.0, which was
generated by GNU Autoconf 2.61.  Invocation command line was

  CONFIG_FILES    = 
  CONFIG_HEADERS  = 
  CONFIG_LINKS    = 
  CONFIG_COMMANDS = 
  $ ./config.status src/lib/Makefile depfiles

on danomatika

config.status:648: creating src/lib/Makefile
config.status:921: executing depfiles commands

## ---------------------- ##
## Running config.status. ##
## ---------------------- ##

This file was extended by rc-visual config.status 0.1.0, which was
generated by GNU Autoconf 2.61.  Invocation command line was

  CONFIG_FILES    = 
  CONFIG_HEADERS  = 
  CONFIG_LINKS    = 
  CONFIG_COMMANDS = 
  $ ./config.status src/lib/Makefile depfiles

on danomatika

config.status:648: creating src/lib/Makefile
config.status:921: executing depfiles commands

## ---------------------- ##
## Running config.status. ##
## ---------------------- ##

This file was extended by rc-visual config.status 0.1.0, which was
generated by GNU Autoconf 2.61.  Invocation command line was

  CONFIG_FILES    = 
  CONFIG_HEADERS  = 
  CONFIG_LINKS    = 
  CONFIG_COMMANDS = 
  $ ./config.status src/lib/Makefile depfiles

on danomatika

config.status:648: creating src/lib/Makefile
config.status:921: executing depfiles commands

## ---------------------- ##
## Running config.status. ##
## ---------------------- ##

This file was extended by rc-visual config.status 0.1.0, which was
generated by GNU Autoconf 2.61.  Invocation command line was

  CONFIG_FILES    = 
  CONFIG_HEADERS  = 
  CONFIG_LINKS    = 
  CONFIG_COMMANDS = 
  $ ./config.status src/lib/Makefile depfiles

on danomatika

config.status:648: creating src/lib/Makefile
config.status:921: executing depfiles commands

## ---------------------- ##
## Running config.status. ##
## ---------------------- ##

This file was extended by rc-visual config.status 0.1.0, which was
generated by GNU Autoconf 2.61.  Invocation command line was

  CONFIG_FILES    = 
  CONFIG_HEADERS  = 
  CONFIG_LINKS    = 
  CONFIG_COMMANDS = 
  $ ./config.status src/lib/Makefile depfiles

on danomatika

config.status:648: creating src/lib/Makefile
config.status:921: executing depfiles commands

## ---------------------- ##
## Running config.status. ##
## ---------------------- ##

This file was extended by rc-visual config.status 0.1.0, which was
generated by GNU Autoconf 2.61.  Invocation command line was

  CONFIG_FILES    = 
  CONFIG_HEADERS  = 
  CONFIG_LINKS    = 
  CONFIG_COMMANDS = 
  $ ./config.status src/lib/Makefile depfiles

on danomatika

config.status:648: creating src/lib/Makefile
config.status:921: executing depfiles commands

## ---------------------- ##
## Running config.status. ##
## ---------------------- ##

This file was extended by rc-visual config.status 0.1.0, which was
generated by GNU Autoconf 2.61.  Invocation command line was

  CONFIG_FILES    = 
  CONFIG_HEADERS  = 
  CONFIG_LINKS    = 
  CONFIG_COMMANDS = 
  $ ./config.status src/lib/Makefile depfiles

on danomatika

config.status:648: creating src/lib/Makefile
config.status:921: executing depfiles commands

## ---------------------- ##
## Running config.status. ##
## ---------------------- ##

This file was extended by rc-visual config.status 0.1.0, which was
generated by GNU Autoconf 2.61.  Invocation command line was

  CONFIG_FILES    = 
  CONFIG_HEADERS  = 
  CONFIG_LINKS    = 
  CONFIG_COMMANDS = 
  $ ./config.status src/rc-visual/Makefile depfiles

on danomatika

config.status:648: creating src/rc-visual/Makefile
config.status:921: executing depfiles commands

## ---------------------- ##
## Running config.status. ##
## ---------------------- ##

This file was extended by rc-visual config.status 0.1.0, which was
generated by GNU Autoconf 2.61.  Invocation command line was

  CONFIG_FILES    = 
  CONFIG_HEADERS  = 
  CONFIG_LINKS    = 
  CONFIG_COMMANDS = 
  $ ./config.status src/rc-visual/Makefile depfiles

on danomatika

config.status:648: creating src/rc-visual/Makefile
config.status:921: executing depfiles commands

## ---------------------- ##
## Running config.status. ##
## ---------------------- ##

This file was extended by rc-visual config.status 0.1.0, which was
generated by GNU Autoconf 2.61.  Invocation command line was

  CONFIG_FILES    = 
  CONFIG_HEADERS  = 
  CONFIG_LINKS    = 
  CONFIG_COMMANDS = 
  $ ./config.status src/rc-visual/Makefile depfiles

on danomatika

config.status:648: creating src/rc-visual/Makefile
config.status:921: executing depfiles commands
