This file contains any messages produced by compilers while
running configure, to aid debugging if configure makes a mistake.

It was created by rc-visual configure 0.2.0, which was
generated by GNU Autoconf 2.63.  Invocation command line was

  $ ./configure --no-create --no-recursion

## --------- ##
## Platform. ##
## --------- ##

hostname = danoT500
uname -m = i686
uname -r = 2.6.28-14-generic
uname -s = Linux
uname -v = #47-Ubuntu SMP Sat Jul 25 00:28:35 UTC 2009

/usr/bin/uname -p = unknown
/bin/uname -X     = unknown

/bin/arch              = unknown
/usr/bin/arch -k       = unknown
/usr/convex/getsysinfo = unknown
/usr/bin/hostinfo      = unknown
/bin/machine           = unknown
/usr/bin/oslevel       = unknown
/bin/universe          = unknown

PATH: /usr/local/sbin
PATH: /usr/local/bin
PATH: /usr/sbin
PATH: /usr/bin
PATH: /sbin
PATH: /bin
PATH: /usr/games


## ----------- ##
## Core tests. ##
## ----------- ##

configure:1890: checking for a BSD-compatible install
configure:1958: result: /usr/bin/install -c
configure:1969: checking whether build environment is sane
configure:2012: result: yes
configure:2037: checking for a thread-safe mkdir -p
configure:2076: result: /bin/mkdir -p
configure:2089: checking for gawk
configure:2119: result: no
configure:2089: checking for mawk
configure:2105: found /usr/bin/mawk
configure:2116: result: mawk
configure:2127: checking whether make sets $(MAKE)
configure:2149: result: yes
configure:2394: checking for g++
configure:2410: found /usr/bin/g++
configure:2421: result: g++
configure:2448: checking for C++ compiler version
configure:2456: g++ --version >&5
g++ (Ubuntu 4.3.3-5ubuntu4) 4.3.3
Copyright (C) 2008 Free Software Foundation, Inc.
This is free software; see the source for copying conditions.  There is NO
warranty; not even for MERCHANTABILITY or FITNESS FOR A PARTICULAR PURPOSE.

configure:2460: $? = 0
configure:2467: g++ -v >&5
Using built-in specs.
Target: i486-linux-gnu
Configured with: ../src/configure -v --with-pkgversion='Ubuntu 4.3.3-5ubuntu4' --with-bugurl=file:///usr/share/doc/gcc-4.3/README.Bugs --enable-languages=c,c++,fortran,objc,obj-c++ --prefix=/usr --enable-shared --with-system-zlib --libexecdir=/usr/lib --without-included-gettext --enable-threads=posix --enable-nls --with-gxx-include-dir=/usr/include/c++/4.3 --program-suffix=-4.3 --enable-clocale=gnu --enable-libstdcxx-debug --enable-objc-gc --enable-mpfr --enable-targets=all --with-tune=generic --enable-checking=release --build=i486-linux-gnu --host=i486-linux-gnu --target=i486-linux-gnu
Thread model: posix
gcc version 4.3.3 (Ubuntu 4.3.3-5ubuntu4) 
configure:2471: $? = 0
configure:2478: g++ -V >&5
g++: '-V' option must have argument
configure:2482: $? = 1
configure:2505: checking for C++ compiler default output file name
configure:2527: g++    conftest.cpp  >&5
configure:2531: $? = 0
configure:2569: result: a.out
configure:2588: checking whether the C++ compiler works
configure:2598: ./a.out
configure:2602: $? = 0
configure:2621: result: yes
configure:2628: checking whether we are cross compiling
configure:2630: result: no
configure:2633: checking for suffix of executables
configure:2640: g++ -o conftest    conftest.cpp  >&5
configure:2644: $? = 0
configure:2670: result: 
configure:2676: checking for suffix of object files
configure:2702: g++ -c   conftest.cpp >&5
configure:2706: $? = 0
configure:2731: result: o
configure:2735: checking whether we are using the GNU C++ compiler
configure:2764: g++ -c   conftest.cpp >&5
configure:2771: $? = 0
configure:2788: result: yes
configure:2797: checking whether g++ accepts -g
configure:2827: g++ -c -g  conftest.cpp >&5
configure:2834: $? = 0
configure:2935: result: yes
configure:2969: checking for style of include used by make
configure:2997: result: GNU
configure:3022: checking dependency style of g++
configure:3113: result: gcc3
configure:3171: checking for ranlib
configure:3187: found /usr/bin/ranlib
configure:3198: result: ranlib
configure:3236: checking how to run the C++ preprocessor
configure:3272: g++ -E  conftest.cpp
configure:3279: $? = 0
configure:3310: g++ -E  conftest.cpp
conftest.cpp:10:28: error: ac_nonexistent.h: No such file or directory
configure:3317: $? = 1
configure: failed program was:
| /* confdefs.h.  */
| #define PACKAGE_NAME "rc-visual"
| #define PACKAGE_TARNAME "rc-visual"
| #define PACKAGE_VERSION "0.2.0"
| #define PACKAGE_STRING "rc-visual 0.2.0"
| #define PACKAGE_BUGREPORT "danomatika@gmail.com"
| #define PACKAGE "rc-visual"
| #define VERSION "0.2.0"
| /* end confdefs.h.  */
| #include <ac_nonexistent.h>
configure:3350: result: g++ -E
configure:3379: g++ -E  conftest.cpp
configure:3386: $? = 0
configure:3417: g++ -E  conftest.cpp
conftest.cpp:10:28: error: ac_nonexistent.h: No such file or directory
configure:3424: $? = 1
configure: failed program was:
| /* confdefs.h.  */
| #define PACKAGE_NAME "rc-visual"
| #define PACKAGE_TARNAME "rc-visual"
| #define PACKAGE_VERSION "0.2.0"
| #define PACKAGE_STRING "rc-visual 0.2.0"
| #define PACKAGE_BUGREPORT "danomatika@gmail.com"
| #define PACKAGE "rc-visual"
| #define VERSION "0.2.0"
| /* end confdefs.h.  */
| #include <ac_nonexistent.h>
configure:3464: checking for grep that handles long lines and -e
configure:3524: result: /bin/grep
configure:3529: checking for egrep
configure:3593: result: /bin/grep -E
configure:3598: checking for ANSI C header files
configure:3628: g++ -c -g -O2  conftest.cpp >&5
configure:3635: $? = 0
configure:3734: g++ -o conftest -g -O2   conftest.cpp  >&5
configure:3738: $? = 0
configure:3744: ./conftest
configure:3748: $? = 0
configure:3766: result: yes
configure:3790: checking for sys/types.h
configure:3811: g++ -c -g -O2  conftest.cpp >&5
configure:3818: $? = 0
configure:3835: result: yes
configure:3790: checking for sys/stat.h
configure:3811: g++ -c -g -O2  conftest.cpp >&5
configure:3818: $? = 0
configure:3835: result: yes
configure:3790: checking for stdlib.h
configure:3811: g++ -c -g -O2  conftest.cpp >&5
configure:3818: $? = 0
configure:3835: result: yes
configure:3790: checking for string.h
configure:3811: g++ -c -g -O2  conftest.cpp >&5
configure:3818: $? = 0
configure:3835: result: yes
configure:3790: checking for memory.h
configure:3811: g++ -c -g -O2  conftest.cpp >&5
configure:3818: $? = 0
configure:3835: result: yes
configure:3790: checking for strings.h
configure:3811: g++ -c -g -O2  conftest.cpp >&5
configure:3818: $? = 0
configure:3835: result: yes
configure:3790: checking for inttypes.h
configure:3811: g++ -c -g -O2  conftest.cpp >&5
configure:3818: $? = 0
configure:3835: result: yes
configure:3790: checking for stdint.h
configure:3811: g++ -c -g -O2  conftest.cpp >&5
configure:3818: $? = 0
configure:3835: result: yes
configure:3790: checking for unistd.h
configure:3811: g++ -c -g -O2  conftest.cpp >&5
configure:3818: $? = 0
configure:3835: result: yes
configure:3859: checking SDL/SDL_gfxPrimitives.h usability
configure:3876: g++ -c -g -O2  conftest.cpp >&5
configure:3883: $? = 0
configure:3897: result: yes
configure:3901: checking SDL/SDL_gfxPrimitives.h presence
configure:3916: g++ -E  conftest.cpp
configure:3923: $? = 0
configure:3937: result: yes
configure:3970: checking for SDL/SDL_gfxPrimitives.h
configure:3977: result: yes
configure:3992: checking for boxRGBA in -lSDL_gfx
configure:4027: g++ -o conftest -g -O2   conftest.cpp -lSDL_gfx   >&5
configure:4034: $? = 0
configure:4055: result: yes
configure:4117: checking for pkg-config
configure:4135: found /usr/bin/pkg-config
configure:4147: result: /usr/bin/pkg-config
configure:4172: checking pkg-config is at least version 0.9.0
configure:4175: result: yes
configure:4186: checking for GLIB2
configure:4194: $PKG_CONFIG --exists --print-errors "glib-2.0 >= 2.14"
configure:4197: $? = 0
configure:4212: $PKG_CONFIG --exists --print-errors "glib-2.0 >= 2.14"
configure:4215: $? = 0
configure:4255: result: yes
configure:4261: checking for SDL
configure:4269: $PKG_CONFIG --exists --print-errors "sdl >= 1.2"
configure:4272: $? = 0
configure:4287: $PKG_CONFIG --exists --print-errors "sdl >= 1.2"
configure:4290: $? = 0
configure:4330: result: yes
configure:4336: checking for lo_arg_pp in -llo
configure:4371: g++ -o conftest -g -O2   conftest.cpp -llo   >&5
configure:4378: $? = 0
configure:4399: result: yes
configure:4538: creating ./config.status
configure:5888: result:
	rc-visual 0.2.0 is now configured

	Source directory:     .
	Installation prefix:  /usr/local
	C++ compiler:         g++ -g -O2



## ---------------- ##
## Cache variables. ##
## ---------------- ##

ac_cv_cxx_compiler_gnu=yes
ac_cv_env_CCC_set=
ac_cv_env_CCC_value=
ac_cv_env_CPPFLAGS_set=
ac_cv_env_CPPFLAGS_value=
ac_cv_env_CXXCPP_set=
ac_cv_env_CXXCPP_value=
ac_cv_env_CXXFLAGS_set=
ac_cv_env_CXXFLAGS_value=
ac_cv_env_CXX_set=
ac_cv_env_CXX_value=
ac_cv_env_GLIB2_CFLAGS_set=
ac_cv_env_GLIB2_CFLAGS_value=
ac_cv_env_GLIB2_LIBS_set=
ac_cv_env_GLIB2_LIBS_value=
ac_cv_env_LDFLAGS_set=
ac_cv_env_LDFLAGS_value=
ac_cv_env_LIBS_set=
ac_cv_env_LIBS_value=
ac_cv_env_PKG_CONFIG_set=
ac_cv_env_PKG_CONFIG_value=
ac_cv_env_SDL_CFLAGS_set=
ac_cv_env_SDL_CFLAGS_value=
ac_cv_env_SDL_LIBS_set=
ac_cv_env_SDL_LIBS_value=
ac_cv_env_build_alias_set=
ac_cv_env_build_alias_value=
ac_cv_env_host_alias_set=
ac_cv_env_host_alias_value=
ac_cv_env_target_alias_set=
ac_cv_env_target_alias_value=
ac_cv_header_SDL_SDL_gfxPrimitives_h=yes
ac_cv_header_inttypes_h=yes
ac_cv_header_memory_h=yes
ac_cv_header_stdc=yes
ac_cv_header_stdint_h=yes
ac_cv_header_stdlib_h=yes
ac_cv_header_string_h=yes
ac_cv_header_strings_h=yes
ac_cv_header_sys_stat_h=yes
ac_cv_header_sys_types_h=yes
ac_cv_header_unistd_h=yes
ac_cv_lib_SDL_gfx_boxRGBA=yes
ac_cv_lib_lo_lo_arg_pp=yes
ac_cv_objext=o
ac_cv_path_EGREP='/bin/grep -E'
ac_cv_path_GREP=/bin/grep
ac_cv_path_ac_pt_PKG_CONFIG=/usr/bin/pkg-config
ac_cv_path_install='/usr/bin/install -c'
ac_cv_path_mkdir=/bin/mkdir
ac_cv_prog_AWK=mawk
ac_cv_prog_CXXCPP='g++ -E'
ac_cv_prog_ac_ct_CXX=g++
ac_cv_prog_ac_ct_RANLIB=ranlib
ac_cv_prog_cxx_g=yes
ac_cv_prog_make_make_set=yes
am_cv_CXX_dependencies_compiler_type=gcc3
pkg_cv_GLIB2_CFLAGS='-I/usr/include/glib-2.0 -I/usr/lib/glib-2.0/include  '
pkg_cv_GLIB2_LIBS='-lglib-2.0  '
pkg_cv_SDL_CFLAGS='-D_GNU_SOURCE=1 -D_REENTRANT -I/usr/include/SDL  '
pkg_cv_SDL_LIBS='-lSDL  '

## ----------------- ##
## Output variables. ##
## ----------------- ##

ACLOCAL='${SHELL} /home/dano/src/rc-visual/tags/rc-visual-0.2.0/config/missing --run aclocal-1.10'
AMDEPBACKSLASH='\'
AMDEP_FALSE='#'
AMDEP_TRUE=''
AMTAR='${SHELL} /home/dano/src/rc-visual/tags/rc-visual-0.2.0/config/missing --run tar'
AUTOCONF='${SHELL} /home/dano/src/rc-visual/tags/rc-visual-0.2.0/config/missing --run autoconf'
AUTOHEADER='${SHELL} /home/dano/src/rc-visual/tags/rc-visual-0.2.0/config/missing --run autoheader'
AUTOMAKE='${SHELL} /home/dano/src/rc-visual/tags/rc-visual-0.2.0/config/missing --run automake-1.10'
AWK='mawk'
CPPFLAGS=''
CXX='g++'
CXXCPP='g++ -E'
CXXDEPMODE='depmode=gcc3'
CXXFLAGS='-g -O2'
CYGPATH_W='echo'
DEFS='-DHAVE_CONFIG_H'
DEPDIR='.deps'
ECHO_C=''
ECHO_N='-n'
ECHO_T=''
EGREP='/bin/grep -E'
EXEEXT=''
GLIB2_CFLAGS='-I/usr/include/glib-2.0 -I/usr/lib/glib-2.0/include  '
GLIB2_LIBS='-lglib-2.0  '
GREP='/bin/grep'
INSTALL_DATA='${INSTALL} -m 644'
INSTALL_PROGRAM='${INSTALL}'
INSTALL_SCRIPT='${INSTALL}'
INSTALL_STRIP_PROGRAM='$(install_sh) -c -s'
LDFLAGS=''
LIBLO_LIBS='-llo'
LIBOBJS=''
LIBS=''
LTLIBOBJS=''
MAKEINFO='${SHELL} /home/dano/src/rc-visual/tags/rc-visual-0.2.0/config/missing --run makeinfo'
MKDIR_P='/bin/mkdir -p'
OBJEXT='o'
PACKAGE='rc-visual'
PACKAGE_BUGREPORT='danomatika@gmail.com'
PACKAGE_NAME='rc-visual'
PACKAGE_STRING='rc-visual 0.2.0'
PACKAGE_TARNAME='rc-visual'
PACKAGE_VERSION='0.2.0'
PATH_SEPARATOR=':'
PKG_CONFIG='/usr/bin/pkg-config'
RANLIB='ranlib'
SDL_CFLAGS='-D_GNU_SOURCE=1 -D_REENTRANT -I/usr/include/SDL  '
SDL_GFX_LIBS='-lSDL_gfx'
SDL_LIBS='-lSDL  '
SET_MAKE=''
SHELL='/bin/bash'
STRIP=''
VERSION='0.2.0'
ac_ct_CXX='g++'
am__fastdepCXX_FALSE='#'
am__fastdepCXX_TRUE=''
am__include='include'
am__isrc=''
am__leading_dot='.'
am__quote=''
am__tar='${AMTAR} chof - "$$tardir"'
am__untar='${AMTAR} xf -'
bindir='${exec_prefix}/bin'
build_alias=''
datadir='${datarootdir}'
datarootdir='${prefix}/share'
docdir='${datarootdir}/doc/${PACKAGE_TARNAME}'
dvidir='${docdir}'
exec_prefix='${prefix}'
host_alias=''
htmldir='${docdir}'
includedir='${prefix}/include'
infodir='${datarootdir}/info'
install_sh='$(SHELL) /home/dano/src/rc-visual/tags/rc-visual-0.2.0/config/install-sh'
libdir='${exec_prefix}/lib'
libexecdir='${exec_prefix}/libexec'
localedir='${datarootdir}/locale'
localstatedir='${prefix}/var'
mandir='${datarootdir}/man'
mkdir_p='/bin/mkdir -p'
oldincludedir='/usr/include'
pdfdir='${docdir}'
prefix='/usr/local'
program_transform_name='s,x,x,'
psdir='${docdir}'
sbindir='${exec_prefix}/sbin'
sharedstatedir='${prefix}/com'
sysconfdir='${prefix}/etc'
target_alias=''

## ----------- ##
## confdefs.h. ##
## ----------- ##

#define PACKAGE_NAME "rc-visual"
#define PACKAGE_TARNAME "rc-visual"
#define PACKAGE_VERSION "0.2.0"
#define PACKAGE_STRING "rc-visual 0.2.0"
#define PACKAGE_BUGREPORT "danomatika@gmail.com"
#define PACKAGE "rc-visual"
#define VERSION "0.2.0"
#define STDC_HEADERS 1
#define HAVE_SYS_TYPES_H 1
#define HAVE_SYS_STAT_H 1
#define HAVE_STDLIB_H 1
#define HAVE_STRING_H 1
#define HAVE_MEMORY_H 1
#define HAVE_STRINGS_H 1
#define HAVE_INTTYPES_H 1
#define HAVE_STDINT_H 1
#define HAVE_UNISTD_H 1

configure: exit 0

## ---------------------- ##
## Running config.status. ##
## ---------------------- ##

This file was extended by rc-visual config.status 0.2.0, which was
generated by GNU Autoconf 2.63.  Invocation command line was

  CONFIG_FILES    = 
  CONFIG_HEADERS  = 
  CONFIG_LINKS    = 
  CONFIG_COMMANDS = 
  $ ./config.status 

on danoT500

config.status:782: creating Makefile
config.status:782: creating src/Makefile
config.status:782: creating src/tinyxml/Makefile
config.status:782: creating src/lib/Makefile
config.status:782: creating src/rc-visual/Makefile
config.status:782: creating src/rc-visual-send/Makefile
config.status:782: creating src/config.h
config.status:1056: executing depfiles commands

## ---------------------- ##
## Running config.status. ##
## ---------------------- ##

This file was extended by rc-visual config.status 0.2.0, which was
generated by GNU Autoconf 2.63.  Invocation command line was

  CONFIG_FILES    = 
  CONFIG_HEADERS  = 
  CONFIG_LINKS    = 
  CONFIG_COMMANDS = 
  $ ./config.status src/config.h

on danoT500

config.status:782: creating src/config.h
config.status:1004: src/config.h is unchanged

## ---------------------- ##
## Running config.status. ##
## ---------------------- ##

This file was extended by rc-visual config.status 0.2.0, which was
generated by GNU Autoconf 2.63.  Invocation command line was

  CONFIG_FILES    = 
  CONFIG_HEADERS  = 
  CONFIG_LINKS    = 
  CONFIG_COMMANDS = 
  $ ./config.status src/rc-visual/Makefile depfiles

on danoT500

config.status:782: creating src/rc-visual/Makefile
config.status:1056: executing depfiles commands
